<?xml version="1.0" encoding="UTF-8"?>
<!-- Generated by org.testng.reporters.JUnitXMLReporter -->
<testsuite ignored="0" hostname="HP" failures="1" tests="2" name="Test" time="61.336" errors="0" timestamp="2024-08-04T22:42:21 IST">
  <testcase classname="qa.test.Testcase1" name="samplemethodforEnteringCredentials" time="7.412">
    <skipped/>
  </testcase> <!-- samplemethodforEnteringCredentials -->
  <testcase classname="qa.test.Testcase1" name="samplemethodforEnteringCredentials" time="3.68">
    <failure type="java.lang.AssertionError" message="Element Not Found expected [true] but found [false]">
      <![CDATA[java.lang.AssertionError: Element Not Found expected [true] but found [false]
at pageEvents.LoginPageEvents.verifyIfLoginPageIsLoaded(LoginPageEvents.java:15)
at qa.test.Testcase1.samplemethodforEnteringCredentials(Testcase1.java:22)
at java.base/java.util.ArrayList.forEach(ArrayList.java:1511)
... Removed 30 stack frames]]>
    </failure>
  </testcase> <!-- samplemethodforEnteringCredentials -->
</testsuite> <!-- Test -->
